#
# There is insufficient memory for the Java Runtime Environment to continue.
# Native memory allocation (malloc) failed to allocate 32744 bytes for ChunkPool::allocate
# Possible reasons:
#   The system is out of physical RAM or swap space
#   In 32 bit mode, the process size limit was hit
# Possible solutions:
#   Reduce memory load on the system
#   Increase physical memory or swap space
#   Check if swap backing store is full
#   Use 64 bit Java on a 64 bit OS
#   Decrease Java heap size (-Xmx/-Xms)
#   Decrease number of Java threads
#   Decrease Java thread stack sizes (-Xss)
#   Set larger code cache with -XX:ReservedCodeCacheSize=
# This output file may be truncated or incomplete.
#
#  Out of Memory Error (allocation.cpp:273), pid=23172, tid=0x00000000000022a4
#
# JRE version: Java(TM) SE Runtime Environment (8.0_102-b14) (build 1.8.0_102-b14)
# Java VM: Java HotSpot(TM) 64-Bit Server VM (25.102-b14 mixed mode windows-amd64 compressed oops)
# Failed to write core dump. Minidumps are not enabled by default on client versions of Windows
#

---------------  T H R E A D  ---------------

Current thread (0x000000001ea1c000):  JavaThread "restartedMain" [_thread_in_vm, id=8868, stack(0x000000001f690000,0x000000001f790000)]

Stack: [0x000000001f690000,0x000000001f790000]
[error occurred during error reporting (printing stack bounds), id 0xc0000005]

Native frames: (J=compiled Java code, j=interpreted, Vv=VM code, C=native code)

Java frames: (J=compiled Java code, j=interpreted, Vv=VM code)
J 874  java.lang.ClassLoader.defineClass1(Ljava/lang/String;[BIILjava/security/ProtectionDomain;Ljava/lang/String;)Ljava/lang/Class; (0 bytes) @ 0x000000000319d65f [0x000000000319d5c0+0x9f]
J 759 C1 java.lang.ClassLoader.defineClass(Ljava/lang/String;[BIILjava/security/ProtectionDomain;)Ljava/lang/Class; (43 bytes) @ 0x00000000031709ec [0x00000000031708e0+0x10c]
J 880 C1 java.net.URLClassLoader.defineClass(Ljava/lang/String;Lsun/misc/Resource;)Ljava/lang/Class; (142 bytes) @ 0x00000000031a3564 [0x00000000031a2b80+0x9e4]
J 685 C1 java.net.URLClassLoader$1.run()Ljava/lang/Class; (63 bytes) @ 0x00000000031553cc [0x0000000003155300+0xcc]
J 684 C1 java.net.URLClassLoader$1.run()Ljava/lang/Object; (5 bytes) @ 0x0000000003154fd4 [0x0000000003154fa0+0x34]
v  ~StubRoutines::call_stub
J 683  java.security.AccessController.doPrivileged(Ljava/security/PrivilegedExceptionAction;Ljava/security/AccessControlContext;)Ljava/lang/Object; (0 bytes) @ 0x0000000003154c66 [0x0000000003154c00+0x66]
J 649 C1 java.net.URLClassLoader.findClass(Ljava/lang/String;)Ljava/lang/Class; (47 bytes) @ 0x0000000003143804 [0x0000000003143740+0xc4]
J 442 C1 java.lang.ClassLoader.loadClass(Ljava/lang/String;Z)Ljava/lang/Class; (122 bytes) @ 0x00000000030f3db4 [0x00000000030f3aa0+0x314]
J 496 C1 sun.misc.Launcher$AppClassLoader.loadClass(Ljava/lang/String;Z)Ljava/lang/Class; (85 bytes) @ 0x000000000310da94 [0x000000000310d7a0+0x2f4]
J 494 C1 java.lang.ClassLoader.loadClass(Ljava/lang/String;)Ljava/lang/Class; (7 bytes) @ 0x000000000310d1a4 [0x000000000310d160+0x44]
v  ~StubRoutines::call_stub
J 874  java.lang.ClassLoader.defineClass1(Ljava/lang/String;[BIILjava/security/ProtectionDomain;Ljava/lang/String;)Ljava/lang/Class; (0 bytes) @ 0x000000000319d65f [0x000000000319d5c0+0x9f]
J 759 C1 java.lang.ClassLoader.defineClass(Ljava/lang/String;[BIILjava/security/ProtectionDomain;)Ljava/lang/Class; (43 bytes) @ 0x00000000031709ec [0x00000000031708e0+0x10c]
J 880 C1 java.net.URLClassLoader.defineClass(Ljava/lang/String;Lsun/misc/Resource;)Ljava/lang/Class; (142 bytes) @ 0x00000000031a3564 [0x00000000031a2b80+0x9e4]
J 685 C1 java.net.URLClassLoader$1.run()Ljava/lang/Class; (63 bytes) @ 0x00000000031553cc [0x0000000003155300+0xcc]
J 684 C1 java.net.URLClassLoader$1.run()Ljava/lang/Object; (5 bytes) @ 0x0000000003154fd4 [0x0000000003154fa0+0x34]
v  ~StubRoutines::call_stub
J 683  java.security.AccessController.doPrivileged(Ljava/security/PrivilegedExceptionAction;Ljava/security/AccessControlContext;)Ljava/lang/Object; (0 bytes) @ 0x0000000003154c66 [0x0000000003154c00+0x66]
J 649 C1 java.net.URLClassLoader.findClass(Ljava/lang/String;)Ljava/lang/Class; (47 bytes) @ 0x0000000003143804 [0x0000000003143740+0xc4]
J 442 C1 java.lang.ClassLoader.loadClass(Ljava/lang/String;Z)Ljava/lang/Class; (122 bytes) @ 0x00000000030f3db4 [0x00000000030f3aa0+0x314]
J 496 C1 sun.misc.Launcher$AppClassLoader.loadClass(Ljava/lang/String;Z)Ljava/lang/Class; (85 bytes) @ 0x000000000310da94 [0x000000000310d7a0+0x2f4]
J 494 C1 java.lang.ClassLoader.loadClass(Ljava/lang/String;)Ljava/lang/Class; (7 bytes) @ 0x000000000310d1a4 [0x000000000310d160+0x44]
v  ~StubRoutines::call_stub
j  org.hibernate.validator.internal.metadata.aggregated.PropertyMetaData$Builder.build()Lorg/hibernate/validator/internal/metadata/aggregated/PropertyMetaData;+36
j  org.hibernate.validator.internal.metadata.aggregated.PropertyMetaData$Builder.build()Lorg/hibernate/validator/internal/metadata/aggregated/ConstraintMetaData;+1
j  org.hibernate.validator.internal.metadata.aggregated.BeanMetaDataImpl$BuilderDelegate.build()Ljava/util/Set;+16
j  org.hibernate.validator.internal.metadata.aggregated.BeanMetaDataImpl$BeanMetaDataBuilder.build()Lorg/hibernate/validator/internal/metadata/aggregated/BeanMetaDataImpl;+35
j  org.hibernate.validator.internal.metadata.BeanMetaDataManager.createBeanMetaData(Ljava/lang/Class;)Lorg/hibernate/validator/internal/metadata/aggregated/BeanMetaDataImpl;+112
j  org.hibernate.validator.internal.metadata.BeanMetaDataManager.getBeanMetaData(Ljava/lang/Class;)Lorg/hibernate/validator/internal/metadata/aggregated/BeanMetaData;+32
j  org.hibernate.validator.internal.engine.ValidatorImpl.getConstraintsForClass(Ljava/lang/Class;)Ljavax/validation/metadata/BeanDescriptor;+5
j  org.hibernate.cfg.beanvalidation.TypeSafeActivator.applyDDL(Ljava/lang/String;Lorg/hibernate/mapping/PersistentClass;Ljava/lang/Class;Ljavax/validation/ValidatorFactory;Ljava/util/Set;ZLorg/hibernate/dialect/Dialect;)V+7
j  org.hibernate.cfg.beanvalidation.TypeSafeActivator.applyRelationalConstraints(Ljavax/validation/ValidatorFactory;Ljava/util/Collection;Ljava/util/Map;Lorg/hibernate/dialect/Dialect;Lorg/hibernate/boot/spi/ClassLoaderAccess;)V+117
j  org.hibernate.cfg.beanvalidation.TypeSafeActivator.applyRelationalConstraints(Ljavax/validation/ValidatorFactory;Lorg/hibernate/cfg/beanvalidation/ActivationContext;)V+147
j  org.hibernate.cfg.beanvalidation.TypeSafeActivator.activate(Lorg/hibernate/cfg/beanvalidation/ActivationContext;)V+78
v  ~StubRoutines::call_stub
J 2023  sun.reflect.NativeMethodAccessorImpl.invoke0(Ljava/lang/reflect/Method;Ljava/lang/Object;[Ljava/lang/Object;)Ljava/lang/Object; (0 bytes) @ 0x0000000003358c7f [0x0000000003358c00+0x7f]
J 2022 C1 sun.reflect.NativeMethodAccessorImpl.invoke(Ljava/lang/Object;[Ljava/lang/Object;)Ljava/lang/Object; (104 bytes) @ 0x0000000003359424 [0x0000000003359060+0x3c4]
J 1921 C1 sun.reflect.DelegatingMethodAccessorImpl.invoke(Ljava/lang/Object;[Ljava/lang/Object;)Ljava/lang/Object; (10 bytes) @ 0x00000000033276a4 [0x0000000003327660+0x44]
J 1757 C1 java.lang.reflect.Method.invoke(Ljava/lang/Object;[Ljava/lang/Object;)Ljava/lang/Object; (62 bytes) @ 0x00000000032e7924 [0x00000000032e7820+0x104]
j  org.hibernate.cfg.beanvalidation.BeanValidationIntegrator.integrate(Lorg/hibernate/boot/Metadata;Lorg/hibernate/engine/spi/SessionFactoryImplementor;Lorg/hibernate/service/spi/SessionFactoryServiceRegistry;)V+156
j  org.hibernate.internal.SessionFactoryImpl.<init>(Lorg/hibernate/boot/spi/MetadataImplementor;Lorg/hibernate/boot/spi/SessionFactoryOptions;)V+553
j  org.hibernate.boot.internal.SessionFactoryBuilderImpl.build()Lorg/hibernate/SessionFactory;+21
j  org.hibernate.jpa.boot.internal.EntityManagerFactoryBuilderImpl.build()Ljavax/persistence/EntityManagerFactory;+20
j  org.springframework.orm.jpa.vendor.SpringHibernateJpaPersistenceProvider.createContainerEntityManagerFactory(Ljavax/persistence/spi/PersistenceUnitInfo;Ljava/util/Map;)Ljavax/persistence/EntityManagerFactory;+55
j  org.springframework.orm.jpa.LocalContainerEntityManagerFactoryBean.createNativeEntityManagerFactory()Ljavax/persistence/EntityManagerFactory;+129
j  org.springframework.orm.jpa.AbstractEntityManagerFactoryBean.buildNativeEntityManagerFactory()Ljavax/persistence/EntityManagerFactory;+1
j  org.springframework.orm.jpa.AbstractEntityManagerFactoryBean.afterPropertiesSet()V+192
j  org.springframework.orm.jpa.LocalContainerEntityManagerFactoryBean.afterPropertiesSet()V+77
j  org.springframework.beans.factory.support.AbstractAutowireCapableBeanFactory.invokeInitMethods(Ljava/lang/String;Ljava/lang/Object;Lorg/springframework/beans/factory/support/RootBeanDefinition;)V+106
j  org.springframework.beans.factory.support.AbstractAutowireCapableBeanFactory.initializeBean(Ljava/lang/String;Ljava/lang/Object;Lorg/springframework/beans/factory/support/RootBeanDefinition;)Ljava/lang/Object;+59
j  org.springframework.beans.factory.support.AbstractAutowireCapableBeanFactory.doCreateBean(Ljava/lang/String;Lorg/springframework/beans/factory/support/RootBeanDefinition;[Ljava/lang/Object;)Ljava/lang/Object;+245
j  org.springframework.beans.factory.support.AbstractAutowireCapableBeanFactory.createBean(Ljava/lang/String;Lorg/springframework/beans/factory/support/RootBeanDefinition;[Ljava/lang/Object;)Ljava/lang/Object;+169
j  org.springframework.beans.factory.support.AbstractBeanFactory.lambda$doGetBean$0(Ljava/lang/String;Lorg/springframework/beans/factory/support/RootBeanDefinition;[Ljava/lang/Object;)Ljava/lang/Object;+4
j  org.springframework.beans.factory.support.AbstractBeanFactory$$Lambda$151.getObject()Ljava/lang/Object;+16
j  org.springframework.beans.factory.support.DefaultSingletonBeanRegistry.getSingleton(Ljava/lang/String;Lorg/springframework/beans/factory/ObjectFactory;)Ljava/lang/Object;+132
J 2305 C1 org.springframework.beans.factory.support.AbstractBeanFactory.doGetBean(Ljava/lang/String;Ljava/lang/Class;[Ljava/lang/Object;Z)Ljava/lang/Object; (833 bytes) @ 0x00000000033c9dac [0x00000000033c9880+0x52c]
j  org.springframework.beans.factory.support.AbstractBeanFactory.getBean(Ljava/lang/String;)Ljava/lang/Object;+5
j  org.springframework.context.support.AbstractApplicationContext.getBean(Ljava/lang/String;)Ljava/lang/Object;+9
j  org.springframework.context.support.AbstractApplicationContext.finishBeanFactoryInitialization(Lorg/springframework/beans/factory/config/ConfigurableListableBeanFactory;)V+100
j  org.springframework.context.support.AbstractApplicationContext.refresh()V+54
j  org.springframework.boot.web.servlet.context.ServletWebServerApplicationContext.refresh()V+1
j  org.springframework.boot.SpringApplication.refresh(Lorg/springframework/context/ApplicationContext;)V+10
j  org.springframework.boot.SpringApplication.refreshContext(Lorg/springframework/context/ConfigurableApplicationContext;)V+2
j  org.springframework.boot.SpringApplication.run([Ljava/lang/String;)Lorg/springframework/context/ConfigurableApplicationContext;+118
j  org.springframework.boot.SpringApplication.run([Ljava/lang/Class;[Ljava/lang/String;)Lorg/springframework/context/ConfigurableApplicationContext;+9
j  org.springframework.boot.SpringApplication.run(Ljava/lang/Class;[Ljava/lang/String;)Lorg/springframework/context/ConfigurableApplicationContext;+9
j  com.mindtree.collegeBranchApp.CollegeBranchAppApplication.main([Ljava/lang/String;)V+3
v  ~StubRoutines::call_stub
j  sun.reflect.NativeMethodAccessorImpl.invoke0(Ljava/lang/reflect/Method;Ljava/lang/Object;[Ljava/lang/Object;)Ljava/lang/Object;+0
j  sun.reflect.NativeMethodAccessorImpl.invoke(Ljava/lang/Object;[Ljava/lang/Object;)Ljava/lang/Object;+100
j  sun.reflect.DelegatingMethodAccessorImpl.invoke(Ljava/lang/Object;[Ljava/lang/Object;)Ljava/lang/Object;+6
j  java.lang.reflect.Method.invoke(Ljava/lang/Object;[Ljava/lang/Object;)Ljava/lang/Object;+56
j  org.springframework.boot.devtools.restart.RestartLauncher.run()V+41
v  ~StubRoutines::call_stub

---------------  P R O C E S S  ---------------

Java Threads: ( => current thread )
  0x0000000020ad2000 JavaThread "HikariPool-1 connection adder" daemon [_thread_blocked, id=21816, stack(0x0000000022660000,0x0000000022760000)]
  0x000000002076b000 JavaThread "HikariPool-1 housekeeper" daemon [_thread_blocked, id=28248, stack(0x0000000022560000,0x0000000022660000)]
  0x0000000020802800 JavaThread "Abandoned connection cleanup thread" daemon [_thread_blocked, id=25776, stack(0x0000000021d60000,0x0000000021e60000)]
  0x0000000020795000 JavaThread "container-0" [_thread_blocked, id=7308, stack(0x0000000021c60000,0x0000000021d60000)]
  0x00000000207a8800 JavaThread "Catalina-utility-2" [_thread_blocked, id=2880, stack(0x0000000021b60000,0x0000000021c60000)]
  0x00000000207a7800 JavaThread "Catalina-utility-1" [_thread_blocked, id=24312, stack(0x0000000021a60000,0x0000000021b60000)]
=>0x000000001ea1c000 JavaThread "restartedMain" [_thread_in_vm, id=8868, stack(0x000000001f690000,0x000000001f790000)]
  0x000000001ea1a800 JavaThread "Thread-1" [_thread_blocked, id=18808, stack(0x000000001f590000,0x000000001f690000)]
  0x000000001e7ac800 JavaThread "RMI TCP Accept-0" daemon [_thread_in_native, id=104, stack(0x000000001f050000,0x000000001f150000)]
  0x000000001e7a7800 JavaThread "RMI TCP Accept-49786" daemon [_thread_in_native, id=14668, stack(0x000000001ef50000,0x000000001f050000)]
  0x000000001e7a1800 JavaThread "RMI TCP Accept-0" daemon [_thread_in_native, id=10680, stack(0x000000001ee50000,0x000000001ef50000)]
  0x000000001c50d800 JavaThread "Service Thread" daemon [_thread_blocked, id=23328, stack(0x000000001e210000,0x000000001e310000)]
  0x000000001c509800 JavaThread "C1 CompilerThread2" daemon [_thread_blocked, id=7824, stack(0x000000001e110000,0x000000001e210000)]
  0x000000001c507000 JavaThread "C2 CompilerThread1" daemon [_thread_blocked, id=14568, stack(0x000000001e010000,0x000000001e110000)]
  0x000000001c4b5000 JavaThread "C2 CompilerThread0" daemon [_thread_blocked, id=25552, stack(0x000000001db10000,0x000000001dc10000)]
  0x000000001c4b3800 JavaThread "Attach Listener" daemon [_thread_blocked, id=19676, stack(0x000000001da10000,0x000000001db10000)]
  0x000000001c4b2000 JavaThread "Signal Dispatcher" daemon [_thread_blocked, id=28108, stack(0x000000001d910000,0x000000001da10000)]
  0x0000000002f3e000 JavaThread "Finalizer" daemon [_thread_blocked, id=16664, stack(0x000000001d710000,0x000000001d810000)]
  0x0000000002f35000 JavaThread "Reference Handler" daemon [_thread_blocked, id=15076, stack(0x000000001d610000,0x000000001d710000)]
  0x0000000002e45000 JavaThread "main" [_thread_blocked, id=16868, stack(0x0000000002b50000,0x0000000002c50000)]

Other Threads:
  0x000000001c477000 VMThread [stack: 0x000000001d510000,0x000000001d610000] [id=27168]
  0x000000001e7af800 WatcherThread [stack: 0x000000001f150000,0x000000001f250000] [id=9864]

VM state:not at safepoint (normal execution)

VM Mutex/Monitor currently owned by a thread: None

Heap:
 PSYoungGen      total 233472K, used 3819K [0x000000076b700000, 0x000000077ad00000, 0x00000007c0000000)
  eden space 221184K, 1% used [0x000000076b700000,0x000000076babaec0,0x0000000778f00000)
  from space 12288K, 0% used [0x000000077a100000,0x000000077a100000,0x000000077ad00000)
  to   space 14848K, 0% used [0x0000000779000000,0x0000000779000000,0x0000000779e80000)
 ParOldGen       total 131072K, used 12649K [0x00000006c2400000, 0x00000006ca400000, 0x000000076b700000)
  object space 131072K, 9% used [0x00000006c2400000,0x00000006c305a4b8,0x00000006ca400000)
 Metaspace       used 39965K, capacity 41786K, committed 42280K, reserved 1095680K
  class space    used 5493K, capacity 5844K, committed 5928K, reserved 1048576K

Card table byte_map: [0x0000000012300000,0x0000000012af0000] byte_map_base: 0x000000000ecee000

Marking Bits: (ParMarkBitMap*) 0x000000006fc5a6c0
 Begin Bits: [0x0000000013440000, 0x00000000173b0000)
 End Bits:   [0x00000000173b0000, 0x000000001b320000)

Polling page: 0x0000000000fa0000

CodeCache: size=245760Kb used=6805Kb max_used=6805Kb free=238954Kb
 bounds [0x0000000002f40000, 0x00000000035f0000, 0x0000000011f40000]
 total_blobs=3822 nmethods=3301 adapters=432
 compilation: enabled

Compilation events (10 events):
Event: 6.328 Thread 0x000000001c509800 3300       1       org.hibernate.validator.internal.metadata.raw.ConstrainedExecutable::getExecutable (5 bytes)
Event: 6.328 Thread 0x000000001c509800 nmethod 3300 0x00000000035e2690 code [0x00000000035e27e0, 0x00000000035e28f0]
Event: 6.328 Thread 0x000000001c509800 3301       1       org.hibernate.validator.internal.util.Contracts::assertValueNotNull (23 bytes)
Event: 6.329 Thread 0x000000001c509800 nmethod 3301 0x00000000035e2950 code [0x00000000035e2b00, 0x00000000035e2fe8]
Event: 6.329 Thread 0x000000001c509800 3302       1       org.hibernate.validator.internal.metadata.aggregated.ExecutableMetaData$Builder::overrides (32 bytes)
Event: 6.329 Thread 0x000000001c509800 nmethod 3302 0x00000000035e3490 code [0x00000000035e3600, 0x00000000035e3828]
Event: 6.329 Thread 0x000000001c509800 3303       1       org.hibernate.validator.internal.util.ExecutableHelper::overrides (161 bytes)
Event: 6.331 Thread 0x000000001c509800 nmethod 3303 0x00000000035e3910 code [0x00000000035e3bc0, 0x00000000035e4898]
Event: 6.331 Thread 0x000000001c509800 3304       1       org.hibernate.validator.internal.metadata.raw.ConstrainedExecutable::isGetterMethod (5 bytes)
Event: 6.332 Thread 0x000000001c509800 nmethod 3304 0x00000000035e5690 code [0x00000000035e57e0, 0x00000000035e58f0]

GC Heap History (10 events):
Event: 6.175 GC heap before
{Heap before GC invocations=20 (full 8):
 PSYoungGen      total 233472K, used 96K [0x000000076b700000, 0x000000077ad00000, 0x00000007c0000000)
  eden space 221184K, 0% used [0x000000076b700000,0x000000076b700000,0x0000000778f00000)
  from space 12288K, 0% used [0x000000077a100000,0x000000077a118000,0x000000077ad00000)
  to   space 14848K, 0% used [0x0000000779000000,0x0000000779000000,0x0000000779e80000)
 ParOldGen       total 131072K, used 13102K [0x00000006c2400000, 0x00000006ca400000, 0x000000076b700000)
  object space 131072K, 9% used [0x00000006c2400000,0x00000006c30cba28,0x00000006ca400000)
 Metaspace       used 39902K, capacity 41696K, committed 42024K, reserved 1101824K
  class space    used 5482K, capacity 5835K, committed 5928K, reserved 1048576K
Event: 6.212 GC heap after
Heap after GC invocations=20 (full 8):
 PSYoungGen      total 233472K, used 0K [0x000000076b700000, 0x000000077ad00000, 0x00000007c0000000)
  eden space 221184K, 0% used [0x000000076b700000,0x000000076b700000,0x0000000778f00000)
  from space 12288K, 0% used [0x000000077a100000,0x000000077a100000,0x000000077ad00000)
  to   space 14848K, 0% used [0x0000000779000000,0x0000000779000000,0x0000000779e80000)
 ParOldGen       total 131072K, used 12650K [0x00000006c2400000, 0x00000006ca400000, 0x000000076b700000)
  object space 131072K, 9% used [0x00000006c2400000,0x00000006c305a8c8,0x00000006ca400000)
 Metaspace       used 39902K, capacity 41696K, committed 42024K, reserved 1095680K
  class space    used 5482K, capacity 5835K, committed 5928K, reserved 1048576K
}
Event: 6.212 GC heap before
{Heap before GC invocations=21 (full 8):
 PSYoungGen      total 233472K, used 0K [0x000000076b700000, 0x000000077ad00000, 0x00000007c0000000)
  eden space 221184K, 0% used [0x000000076b700000,0x000000076b700000,0x0000000778f00000)
  from space 12288K, 0% used [0x000000077a100000,0x000000077a100000,0x000000077ad00000)
  to   space 14848K, 0% used [0x0000000779000000,0x0000000779000000,0x0000000779e80000)
 ParOldGen       total 131072K, used 12650K [0x00000006c2400000, 0x00000006ca400000, 0x000000076b700000)
  object space 131072K, 9% used [0x00000006c2400000,0x00000006c305a8c8,0x00000006ca400000)
 Metaspace       used 39902K, capacity 41696K, committed 42024K, reserved 1099776K
  class space    used 5482K, capacity 5835K, committed 5928K, reserved 1048576K
Event: 6.214 GC heap after
Heap after GC invocations=21 (full 8):
 PSYoungGen      total 236032K, used 0K [0x000000076b700000, 0x000000077ad00000, 0x00000007c0000000)
  eden space 221184K, 0% used [0x000000076b700000,0x000000076b700000,0x0000000778f00000)
  from space 14848K, 0% used [0x0000000779000000,0x0000000779000000,0x0000000779e80000)
  to   space 12288K, 0% used [0x000000077a100000,0x000000077a100000,0x000000077ad00000)
 ParOldGen       total 131072K, used 12650K [0x00000006c2400000, 0x00000006ca400000, 0x000000076b700000)
  object space 131072K, 9% used [0x00000006c2400000,0x00000006c305a8c8,0x00000006ca400000)
 Metaspace       used 39902K, capacity 41696K, committed 42024K, reserved 1099776K
  class space    used 5482K, capacity 5835K, committed 5928K, reserved 1048576K
}
Event: 6.214 GC heap before
{Heap before GC invocations=22 (full 9):
 PSYoungGen      total 236032K, used 0K [0x000000076b700000, 0x000000077ad00000, 0x00000007c0000000)
  eden space 221184K, 0% used [0x000000076b700000,0x000000076b700000,0x0000000778f00000)
  from space 14848K, 0% used [0x0000000779000000,0x0000000779000000,0x0000000779e80000)
  to   space 12288K, 0% used [0x000000077a100000,0x000000077a100000,0x000000077ad00000)
 ParOldGen       total 131072K, used 12650K [0x00000006c2400000, 0x00000006ca400000, 0x000000076b700000)
  object space 131072K, 9% used [0x00000006c2400000,0x00000006c305a8c8,0x00000006ca400000)
 Metaspace       used 39902K, capacity 41696K, committed 42024K, reserved 1099776K
  class space    used 5482K, capacity 5835K, committed 5928K, reserved 1048576K
Event: 6.265 GC heap after
Heap after GC invocations=22 (full 9):
 PSYoungGen      total 236032K, used 0K [0x000000076b700000, 0x000000077ad00000, 0x00000007c0000000)
  eden space 221184K, 0% used [0x000000076b700000,0x000000076b700000,0x0000000778f00000)
  from space 14848K, 0% used [0x0000000779000000,0x0000000779000000,0x0000000779e80000)
  to   space 12288K, 0% used [0x000000077a100000,0x000000077a100000,0x000000077ad00000)
 ParOldGen       total 131072K, used 12649K [0x00000006c2400000, 0x00000006ca400000, 0x000000076b700000)
  object space 131072K, 9% used [0x00000006c2400000,0x00000006c305a6c0,0x00000006ca400000)
 Metaspace       used 39902K, capacity 41696K, committed 42024K, reserved 1095680K
  class space    used 5482K, capacity 5835K, committed 5928K, reserved 1048576K
}
Event: 6.265 GC heap before
{Heap before GC invocations=23 (full 9):
 PSYoungGen      total 236032K, used 0K [0x000000076b700000, 0x000000077ad00000, 0x00000007c0000000)
  eden space 221184K, 0% used [0x000000076b700000,0x000000076b700000,0x0000000778f00000)
  from space 14848K, 0% used [0x0000000779000000,0x0000000779000000,0x0000000779e80000)
  to   space 12288K, 0% used [0x000000077a100000,0x000000077a100000,0x000000077ad00000)
 ParOldGen       total 131072K, used 12649K [0x00000006c2400000, 0x00000006ca400000, 0x000000076b700000)
  object space 131072K, 9% used [0x00000006c2400000,0x00000006c305a6c0,0x00000006ca400000)
 Metaspace       used 39902K, capacity 41696K, committed 42024K, reserved 1101824K
  class space    used 5482K, capacity 5835K, committed 5928K, reserved 1048576K
Event: 6.267 GC heap after
Heap after GC invocations=23 (full 9):
 PSYoungGen      total 233472K, used 0K [0x000000076b700000, 0x000000077ad00000, 0x00000007c0000000)
  eden space 221184K, 0% used [0x000000076b700000,0x000000076b700000,0x0000000778f00000)
  from space 12288K, 0% used [0x000000077a100000,0x000000077a100000,0x000000077ad00000)
  to   space 14848K, 0% used [0x0000000779000000,0x0000000779000000,0x0000000779e80000)
 ParOldGen       total 131072K, used 12649K [0x00000006c2400000, 0x00000006ca400000, 0x000000076b700000)
  object space 131072K, 9% used [0x00000006c2400000,0x00000006c305a6c0,0x00000006ca400000)
 Metaspace       used 39902K, capacity 41696K, committed 42024K, reserved 1101824K
  class space    used 5482K, capacity 5835K, committed 5928K, reserved 1048576K
}
Event: 6.267 GC heap before
{Heap before GC invocations=24 (full 10):
 PSYoungGen      total 233472K, used 0K [0x000000076b700000, 0x000000077ad00000, 0x00000007c0000000)
  eden space 221184K, 0% used [0x000000076b700000,0x000000076b700000,0x0000000778f00000)
  from space 12288K, 0% used [0x000000077a100000,0x000000077a100000,0x000000077ad00000)
  to   space 14848K, 0% used [0x0000000779000000,0x0000000779000000,0x0000000779e80000)
 ParOldGen       total 131072K, used 12649K [0x00000006c2400000, 0x00000006ca400000, 0x000000076b700000)
  object space 131072K, 9% used [0x00000006c2400000,0x00000006c305a6c0,0x00000006ca400000)
 Metaspace       used 39902K, capacity 41696K, committed 42024K, reserved 1101824K
  class space    used 5482K, capacity 5835K, committed 5928K, reserved 1048576K
Event: 6.317 GC heap after
Heap after GC invocations=24 (full 10):
 PSYoungGen      total 233472K, used 0K [0x000000076b700000, 0x000000077ad00000, 0x00000007c0000000)
  eden space 221184K, 0% used [0x000000076b700000,0x000000076b700000,0x0000000778f00000)
  from space 12288K, 0% used [0x000000077a100000,0x000000077a100000,0x000000077ad00000)
  to   space 14848K, 0% used [0x0000000779000000,0x0000000779000000,0x0000000779e80000)
 ParOldGen       total 131072K, used 12649K [0x00000006c2400000, 0x00000006ca400000, 0x000000076b700000)
  object space 131072K, 9% used [0x00000006c2400000,0x00000006c305a4b8,0x00000006ca400000)
 Metaspace       used 39902K, capacity 41696K, committed 42024K, reserved 1095680K
  class space    used 5482K, capacity 5835K, committed 5928K, reserved 1048576K
}

Deoptimization events (0 events):
No events

Internal exceptions (10 events):
Event: 5.499 Thread 0x000000001ea1c000 Exception <a 'java/lang/ArrayIndexOutOfBoundsException'> (0x000000076d3a07d0) thrown at [C:\re\workspace\8-2-build-windows-amd64-cygwin\jdk8u102\7268\hotspot\src\share\vm\runtime\sharedRuntime.cpp, line 605]
Event: 5.499 Thread 0x000000001ea1c000 Exception <a 'java/lang/ArrayIndexOutOfBoundsException'> (0x000000076d3a1868) thrown at [C:\re\workspace\8-2-build-windows-amd64-cygwin\jdk8u102\7268\hotspot\src\share\vm\runtime\sharedRuntime.cpp, line 605]
Event: 5.947 Thread 0x000000001ea1c000 Exception <a 'java/lang/ArrayIndexOutOfBoundsException'> (0x000000076da91c10) thrown at [C:\re\workspace\8-2-build-windows-amd64-cygwin\jdk8u102\7268\hotspot\src\share\vm\runtime\sharedRuntime.cpp, line 605]
Event: 5.947 Thread 0x000000001ea1c000 Exception <a 'java/lang/ArrayIndexOutOfBoundsException'> (0x000000076da92e48) thrown at [C:\re\workspace\8-2-build-windows-amd64-cygwin\jdk8u102\7268\hotspot\src\share\vm\runtime\sharedRuntime.cpp, line 605]
Event: 5.985 Thread 0x000000001ea1c000 Exception <a 'java/lang/ArrayIndexOutOfBoundsException'> (0x000000076dd88dc0) thrown at [C:\re\workspace\8-2-build-windows-amd64-cygwin\jdk8u102\7268\hotspot\src\share\vm\runtime\sharedRuntime.cpp, line 605]
Event: 6.173 Thread 0x000000001ea1c000 Exception <a 'java/lang/OutOfMemoryError'> (0x00000006c25a3a70) thrown at [C:\re\workspace\8-2-build-windows-amd64-cygwin\jdk8u102\7268\hotspot\src\share\vm\memory\metaspace.cpp, line 3569]
Event: 6.265 Thread 0x000000001ea1c000 Exception <a 'java/lang/OutOfMemoryError'> (0x00000006c25a3810) thrown at [C:\re\workspace\8-2-build-windows-amd64-cygwin\jdk8u102\7268\hotspot\src\share\vm\memory\metaspace.cpp, line 3569]
Event: 6.321 Thread 0x000000001ea1c000 Exception <a 'java/lang/ArrayIndexOutOfBoundsException'> (0x000000076b73aa78) thrown at [C:\re\workspace\8-2-build-windows-amd64-cygwin\jdk8u102\7268\hotspot\src\share\vm\runtime\sharedRuntime.cpp, line 605]
Event: 6.321 Thread 0x000000001ea1c000 Exception <a 'java/lang/ArrayIndexOutOfBoundsException'> (0x000000076b73c440) thrown at [C:\re\workspace\8-2-build-windows-amd64-cygwin\jdk8u102\7268\hotspot\src\share\vm\runtime\sharedRuntime.cpp, line 605]
Event: 6.322 Thread 0x000000001ea1c000 Exception <a 'java/lang/ArrayIndexOutOfBoundsException'> (0x000000076b741838) thrown at [C:\re\workspace\8-2-build-windows-amd64-cygwin\jdk8u102\7268\hotspot\src\share\vm\runtime\sharedRuntime.cpp, line 605]

Events (10 events):
Event: 6.329 loading class org/hibernate/validator/internal/metadata/facets/Cascadable$Builder
Event: 6.329 loading class org/hibernate/validator/internal/metadata/facets/Cascadable$Builder done
Event: 6.329 loading class org/hibernate/validator/internal/metadata/facets/Cascadable
Event: 6.329 loading class org/hibernate/validator/internal/metadata/facets/Cascadable done
Event: 6.330 loading class org/hibernate/validator/internal/metadata/facets/Cascadable$Builder
Event: 6.330 loading class org/hibernate/validator/internal/metadata/facets/Cascadable$Builder done
Event: 6.330 loading class org/hibernate/validator/internal/metadata/aggregated/PropertyMetaData
Event: 6.330 loading class org/hibernate/validator/internal/metadata/aggregated/PropertyMetaData done
Event: 6.331 loading class org/hibernate/validator/internal/metadata/aggregated/AbstractConstraintMetaData
Event: 6.331 loading class org/hibernate/validator/internal/metadata/aggregated/AbstractConstraintMetaData done


Dynamic libraries:
0x00007ff60d150000 - 0x00007ff60d187000 	C:\Program Files\Java\jdk1.8.0_102\bin\javaw.exe
0x00007ffec3f80000 - 0x00007ffec416d000 	C:\windows\SYSTEM32\ntdll.dll
0x00007ffec3660000 - 0x00007ffec3713000 	C:\windows\System32\KERNEL32.DLL
0x00007ffec0ca0000 - 0x00007ffec0f33000 	C:\windows\System32\KERNELBASE.dll
0x00007ffec3240000 - 0x00007ffec32e3000 	C:\windows\System32\ADVAPI32.dll
0x00007ffec29f0000 - 0x00007ffec2a8e000 	C:\windows\System32\msvcrt.dll
0x00007ffec1220000 - 0x00007ffec12be000 	C:\windows\System32\sechost.dll
0x00007ffec2880000 - 0x00007ffec29a2000 	C:\windows\System32\RPCRT4.dll
0x00007ffec3930000 - 0x00007ffec3ac7000 	C:\windows\System32\USER32.dll
0x00007ffec10e0000 - 0x00007ffec1100000 	C:\windows\System32\win32u.dll
0x00007ffec29b0000 - 0x00007ffec29d9000 	C:\windows\System32\GDI32.dll
0x00007ffec0f40000 - 0x00007ffec10d9000 	C:\windows\System32\gdi32full.dll
0x00007ffec0c00000 - 0x00007ffec0ca0000 	C:\windows\System32\msvcp_win.dll
0x00007ffec0920000 - 0x00007ffec0a1a000 	C:\windows\System32\ucrtbase.dll
0x00007ffeb0960000 - 0x00007ffeb0bd9000 	C:\windows\WinSxS\amd64_microsoft.windows.common-controls_6595b64144ccf1df_6.0.17763.914_none_05b346b2072102f2\COMCTL32.dll
0x00007ffec2eb0000 - 0x00007ffec31dc000 	C:\windows\System32\combase.dll
0x00007ffec08a0000 - 0x00007ffec091e000 	C:\windows\System32\bcryptPrimitives.dll
0x00007ffec2e80000 - 0x00007ffec2eae000 	C:\windows\System32\IMM32.DLL
0x000000006f360000 - 0x000000006f431000 	C:\Program Files\Java\jdk1.8.0_102\jre\bin\msvcr100.dll
0x000000006f440000 - 0x000000006fcda000 	C:\Program Files\Java\jdk1.8.0_102\jre\bin\server\jvm.dll
0x00007ffec12c0000 - 0x00007ffec12c8000 	C:\windows\System32\PSAPI.DLL
0x00007ffeb05c0000 - 0x00007ffeb05c9000 	C:\windows\SYSTEM32\WSOCK32.dll
0x00007ffec2ca0000 - 0x00007ffec2d0d000 	C:\windows\System32\WS2_32.dll
0x00007ffeba2c0000 - 0x00007ffeba2e4000 	C:\windows\SYSTEM32\WINMM.dll
0x00007ffeb8380000 - 0x00007ffeb838a000 	C:\windows\SYSTEM32\VERSION.dll
0x00007ffeba1f0000 - 0x00007ffeba21d000 	C:\windows\SYSTEM32\WINMMBASE.dll
0x00007ffec1150000 - 0x00007ffec119a000 	C:\windows\System32\cfgmgr32.dll
0x000000006f350000 - 0x000000006f35f000 	C:\Program Files\Java\jdk1.8.0_102\jre\bin\verify.dll
0x000000006f320000 - 0x000000006f349000 	C:\Program Files\Java\jdk1.8.0_102\jre\bin\java.dll
0x000000006f300000 - 0x000000006f316000 	C:\Program Files\Java\jdk1.8.0_102\jre\bin\zip.dll
0x00007ffec1380000 - 0x00007ffec2874000 	C:\windows\System32\SHELL32.dll
0x00007ffec2b10000 - 0x00007ffec2bb8000 	C:\windows\System32\shcore.dll
0x00007ffec00f0000 - 0x00007ffec083d000 	C:\windows\System32\windows.storage.dll
0x00007ffebfff0000 - 0x00007ffec0014000 	C:\windows\System32\profapi.dll
0x00007ffebff90000 - 0x00007ffebffed000 	C:\windows\System32\powrprof.dll
0x00007ffec31e0000 - 0x00007ffec3232000 	C:\windows\System32\shlwapi.dll
0x00007ffebff70000 - 0x00007ffebff81000 	C:\windows\System32\kernel.appcore.dll
0x00007ffec1100000 - 0x00007ffec1117000 	C:\windows\System32\cryptsp.dll
0x000000006ee80000 - 0x000000006ee8d000 	C:\Program Files\Java\jdk1.8.0_102\jre\bin\management.dll
0x000000006f2e0000 - 0x000000006f2fa000 	C:\Program Files\Java\jdk1.8.0_102\jre\bin\net.dll
0x00007ffebf7e0000 - 0x00007ffebf847000 	C:\windows\system32\mswsock.dll
0x000000006f2c0000 - 0x000000006f2d1000 	C:\Program Files\Java\jdk1.8.0_102\jre\bin\nio.dll
0x00007ffeab420000 - 0x00007ffeab436000 	C:\windows\system32\napinsp.dll
0x00007ffeab3b0000 - 0x00007ffeab3ca000 	C:\windows\system32\pnrpnsp.dll
0x00007ffebf540000 - 0x00007ffebf606000 	C:\windows\SYSTEM32\DNSAPI.dll
0x00007ffec3720000 - 0x00007ffec3728000 	C:\windows\System32\NSI.dll
0x00007ffebf500000 - 0x00007ffebf53d000 	C:\windows\SYSTEM32\IPHLPAPI.DLL
0x00007ffeab3a0000 - 0x00007ffeab3ae000 	C:\windows\System32\winrnr.dll
0x00007ffebd540000 - 0x00007ffebd55b000 	C:\windows\system32\NLAapi.dll
0x00007ffeb9ea0000 - 0x00007ffeb9eb5000 	C:\windows\system32\wshbth.dll
0x00007ffeb5b10000 - 0x00007ffeb5b1a000 	C:\Windows\System32\rasadhlp.dll
0x00007ffebaad0000 - 0x00007ffebab49000 	C:\windows\System32\fwpuclnt.dll
0x00007ffec1120000 - 0x00007ffec1146000 	C:\windows\System32\bcrypt.dll
0x00007ffebf100000 - 0x00007ffebf133000 	C:\windows\system32\rsaenh.dll
0x00007ffebfe70000 - 0x00007ffebfe98000 	C:\windows\SYSTEM32\USERENV.dll
0x00007ffebf9b0000 - 0x00007ffebf9bc000 	C:\windows\SYSTEM32\CRYPTBASE.dll
0x00007ffeba3a0000 - 0x00007ffeba3b6000 	C:\windows\SYSTEM32\dhcpcsvc6.DLL
0x00007ffeba380000 - 0x00007ffeba39c000 	C:\windows\SYSTEM32\dhcpcsvc.DLL

VM Arguments:
jvm_args: -Dcom.sun.management.jmxremote -Dcom.sun.management.jmxremote.port=49786 -Dcom.sun.management.jmxremote.authenticate=false -Dcom.sun.management.jmxremote.ssl=false -Djava.rmi.server.hostname=localhost -Dspring.jmx.enabled=true -Dspring.liveBeansView.mbeanDomain -Dspring.application.admin.enabled=true -Xverify:none -XX:TieredStopAtLevel=1 -Dfile.encoding=UTF-8 
java_command: com.mindtree.collegeBranchApp.CollegeBranchAppApplication --spring.output.ansi.enabled=always
java_class_path (initial): D:\workspaceMVC3\CollegeBranchApp\target\classes;C:\Users\M1055996\.m2\repository\org\springframework\boot\spring-boot-starter-data-jpa\2.2.2.RELEASE\spring-boot-starter-data-jpa-2.2.2.RELEASE.jar;C:\Users\M1055996\.m2\repository\org\springframework\boot\spring-boot-starter-aop\2.2.2.RELEASE\spring-boot-starter-aop-2.2.2.RELEASE.jar;C:\Users\M1055996\.m2\repository\org\springframework\spring-aop\5.2.2.RELEASE\spring-aop-5.2.2.RELEASE.jar;C:\Users\M1055996\.m2\repository\org\aspectj\aspectjweaver\1.9.5\aspectjweaver-1.9.5.jar;C:\Users\M1055996\.m2\repository\org\springframework\boot\spring-boot-starter-jdbc\2.2.2.RELEASE\spring-boot-starter-jdbc-2.2.2.RELEASE.jar;C:\Users\M1055996\.m2\repository\com\zaxxer\HikariCP\3.4.1\HikariCP-3.4.1.jar;C:\Users\M1055996\.m2\repository\org\springframework\spring-jdbc\5.2.2.RELEASE\spring-jdbc-5.2.2.RELEASE.jar;C:\Users\M1055996\.m2\repository\jakarta\activation\jakarta.activation-api\1.2.1\jakarta.activation-api-1.2.1.jar;C:\Users\M1055996\.m2\repository\jakarta\persistence\jakarta.persistence-api\2.2.3\jakarta.persistence-api-2.2.3.jar;C:\Users\M1055996\.m2\repository\jakarta\transaction\jakarta.transaction-api\1.3.3\jakarta.transaction-api-1.3.3.jar;C:\Users\M1055996\.m2\repository\org\hibernate\hibernate-core\5.4.9.Final\hibernate-core-5.4.9.Final.jar;C:\Users\M1055996\.m2\repository\org\jboss\logging\jboss-logging\3.4.1.Final\jboss-logging-3.4.1.Final.jar;C:\Users\M1055996\.m2\repository\org\javassist\javassist\3.24.0-GA\javassist-3.24.0-GA.jar;C:\Users\M1055996\.m2\repository\net\bytebuddy\byte-buddy\1.10.4\byte-buddy-1.10.4.jar;C:\Users\M1055996\.m2\repository\antlr\antlr\2.7.7\antlr-2.7.7.jar;C:\Users\M1055996\.m2\repository\org\jboss\jandex\2.1.1.Final\jandex-2.1.1.Final.jar;C:\Users\M1055996\.m2\repository\com\fasterxml\classmate\1.5.1\classmate-1.5.1.jar;C:\Users\M1055996\.m2\repository\org\dom4j\dom4j\2.1.1\dom4j-2.1.1.jar;C:\Users\M1055996\.m2\repository\org\hibernate\common\hibernate-commo
Launcher Type: SUN_STANDARD

Environment Variables:
JAVA_HOME=C:\Program Files\Java\jdk1.8.0_102
PATH=C:/Program Files/Java/jdk1.8.0_102/bin/../jre/bin/server;C:/Program Files/Java/jdk1.8.0_102/bin/../jre/bin;C:/Program Files/Java/jdk1.8.0_102/bin/../jre/lib/amd64;C:\Program Files\Java\jdk1.8.0_102\bin;C:\ProgramData\Oracle\Java\javapath;C:\windows\system32;C:\windows;C:\windows\System32\Wbem;C:\windows\System32\WindowsPowerShell\v1.0\;C:\windows\System32\OpenSSH\;C:\Program Files (x86)\Microsoft Application Virtualization Client;D:\softwares\apache-maven-3.5.2\bin;D:\softwares\;C:\Program Files\Git\cmd;C:\Program Files\MongoDB\Server\4.2\bin;C:\sts-bundle\sts-3.9.9.RELEASE;
USERNAME=M1055996
OS=Windows_NT
PROCESSOR_IDENTIFIER=Intel64 Family 6 Model 142 Stepping 9, GenuineIntel



---------------  S Y S T E M  ---------------

OS: Windows 10.0 , 64 bit Build 17763 (10.0.17763.475)

CPU:total 4 (2 cores per cpu, 2 threads per core) family 6 model 142 stepping 9, cmov, cx8, fxsr, mmx, sse, sse2, sse3, ssse3, sse4.1, sse4.2, popcnt, avx, avx2, aes, clmul, erms, 3dnowpref, lzcnt, ht, tsc, tscinvbit, bmi1, bmi2, adx

Memory: 4k page, physical 16628708k(2029228k free), swap 32216800k(1160k free)

vm_info: Java HotSpot(TM) 64-Bit Server VM (25.102-b14) for windows-amd64 JRE (1.8.0_102-b14), built on Jun 22 2016 13:15:21 by "java_re" with MS VC++ 10.0 (VS2010)

time: Thu Jan 02 15:21:16 2020
elapsed time: 6 seconds (0d 0h 0m 6s)

