#
# A fatal error has been detected by the Java Runtime Environment:
#
#  EXCEPTION_STACK_OVERFLOW (0xc00000fd) at pc=0x000000006f653777, pid=24080, tid=0x00000000000062f4
#
# JRE version: Java(TM) SE Runtime Environment (8.0_102-b14) (build 1.8.0_102-b14)
# Java VM: Java HotSpot(TM) 64-Bit Server VM (25.102-b14 mixed mode windows-amd64 compressed oops)
# Problematic frame:
# V  [jvm.dll+0x213777]
#
# Failed to write core dump. Minidumps are not enabled by default on client versions of Windows
#
# If you would like to submit a bug report, please visit:
#   http://bugreport.java.com/bugreport/crash.jsp
#

---------------  T H R E A D  ---------------

JavaThread "Thread-0" [, id=25332]

siginfo: ExceptionCode=0xc00000fd, ExceptionInformation=0x0000000000000001 0x0000000021d4b5c0 

Registers:
RAX=0x0000000021d4b5c0, RBX=0x0000000000000005, RCX=0x0000000000004000, RDX=0x0000000000000006
RSP=0x0000000021d4f5c0, RBP=0x0000000000000000, RSI=0x0000000021d4f5c0, RDI=0x0000000000000005
R8 =0x0000000000000006, R9 =0x00000000205365c0, R10=0x0000000002e3aba0, R11=0x0000000021c5a168
R12=0x00000000205365c0, R13=0x000000001fb86000, R14=0x0000000021d4f688, R15=0x0000000002e3aba0
RIP=0x000000006f653777, EFLAGS=0x0000000000010206

Top of Stack: (sp=0x0000000021d4f5c0)
0x0000000021d4f5c0:   00007ffec3fc68a1 0000000000000000
0x0000000021d4f5d0:   000000001fb86000 00000000205365c0
0x0000000021d4f5e0:   00000000ffffffff 000000006f6546a7
0x0000000021d4f5f0:   0000000021d4f6f0 0000000002e3aba0
0x0000000021d4f600:   000000001fb86000 000000006f500183
0x0000000021d4f610:   0000000021d4f650 000000001fb86000
0x0000000021d4f620:   0000000021d4f6e0 000000001fb86000
0x0000000021d4f630:   0000000002e3aba0 000000001fb86000
0x0000000021d4f640:   0000000006043200 000000001fb86000
0x0000000021d4f650:   0000000002e3aba0 000000001fb86000
0x0000000021d4f660:   0000000002c3d470 000000001fb86000
0x0000000021d4f670:   0000000000000001 0000000002e3aba0
0x0000000021d4f680:   000000001fb86000 000000001e17b4f0
0x0000000021d4f690:   000000001fb86000 000000006f50166d
0x0000000021d4f6a0:   0000000021d4f9a8 00000007c00069a0
0x0000000021d4f6b0:   00000007c0042ee0 0000000000000000 

Instructions: (pc=0x000000006f653777)
0x000000006f653757:   48 89 6c 24 30 33 ed 66 90 e8 ab 38 08 00 ff c3
0x000000006f653767:   48 63 c8 48 8b c6 48 0f af cf 48 ff c7 48 2b c1
0x000000006f653777:   89 28 48 63 c3 48 3b 05 55 0f 59 00 7e db 48 8b
0x000000006f653787:   6c 24 30 48 8b 5c 24 38 48 8b 74 24 40 48 83 c4 


Register to memory mapping:

RAX=0x0000000021d4b5c0 is pointing into the stack for thread: 0x000000001fb86000
RBX=0x0000000000000005 is an unknown value
RCX=0x0000000000004000 is an unknown value
RDX=0x0000000000000006 is an unknown value
RSP=0x0000000021d4f5c0 is pointing into the stack for thread: 0x000000001fb86000
RBP=0x0000000000000000 is an unknown value
RSI=0x0000000021d4f5c0 is pointing into the stack for thread: 0x000000001fb86000
RDI=0x0000000000000005 is an unknown value
R8 =0x0000000000000006 is an unknown value
R9 =0x00000000205365c0 is an unknown value
R10={method} {0x0000000002e3aba8} 'run' '()V' in 'java/util/logging/LogManager$Cleaner'
R11=0x0000000021c5a168 is pointing into the stack for thread: 0x000000001fb86000
R12=0x00000000205365c0 is an unknown value
R13=0x000000001fb86000 is a thread
R14=0x0000000021d4f688 is pointing into the stack for thread: 0x000000001fb86000
R15={method} {0x0000000002e3aba8} 'run' '()V' in 'java/util/logging/LogManager$Cleaner'


Stack: [0x0000000021c50000,0x0000000021d50000],  sp=0x0000000021d4f5c0,  free space=1021k
Native frames: (J=compiled Java code, j=interpreted, Vv=VM code, C=native code)


---------------  P R O C E S S  ---------------

Java Threads: ( => current thread )
=>0x000000001fb86000 JavaThread "Thread-0" [_thread_in_vm, id=25332, stack(0x0000000021c50000,0x0000000021d50000)]
  0x0000000020141000 JavaThread "Abandoned connection cleanup thread" daemon [_thread_blocked, id=1692, stack(0x0000000021650000,0x0000000021750000)]
  0x000000001e097800 JavaThread "RMI TCP Accept-0" daemon [_thread_in_native, id=17672, stack(0x000000001e940000,0x000000001ea40000)]
  0x000000001e091000 JavaThread "RMI TCP Accept-54446" daemon [_thread_in_native, id=25780, stack(0x000000001e840000,0x000000001e940000)]
  0x000000001e090000 JavaThread "RMI TCP Accept-0" daemon [_thread_in_native, id=22532, stack(0x000000001e740000,0x000000001e840000)]
  0x000000001da68800 JavaThread "Service Thread" daemon [_thread_blocked, id=22400, stack(0x000000001de40000,0x000000001df40000)]
  0x00000000035bd000 JavaThread "C1 CompilerThread2" daemon [_thread_blocked, id=17716, stack(0x000000001d940000,0x000000001da40000)]
  0x00000000035b6800 JavaThread "C2 CompilerThread1" daemon [_thread_blocked, id=17908, stack(0x000000001d840000,0x000000001d940000)]
  0x00000000035b4800 JavaThread "C2 CompilerThread0" daemon [_thread_blocked, id=26980, stack(0x000000001d740000,0x000000001d840000)]
  0x00000000035b3800 JavaThread "Attach Listener" daemon [_thread_blocked, id=19964, stack(0x000000001d640000,0x000000001d740000)]
  0x00000000035b2000 JavaThread "Signal Dispatcher" daemon [_thread_blocked, id=3052, stack(0x000000001d540000,0x000000001d640000)]
  0x000000000359f800 JavaThread "Finalizer" daemon [_thread_blocked, id=17404, stack(0x000000001d340000,0x000000001d440000)]
  0x0000000000ec6000 JavaThread "Reference Handler" daemon [_thread_blocked, id=20188, stack(0x000000001d240000,0x000000001d340000)]
  0x0000000000dd5000 JavaThread "main" [_thread_blocked, id=9968, stack(0x0000000000990000,0x0000000000a90000)]

Other Threads:
  0x0000000003577800 VMThread [stack: 0x000000001d140000,0x000000001d240000] [id=23272]
  0x000000001e099800 WatcherThread [stack: 0x000000001ea40000,0x000000001eb40000] [id=10888]

VM state:not at safepoint (normal execution)

VM Mutex/Monitor currently owned by a thread: None

Heap:
 PSYoungGen      total 236032K, used 14485K [0x000000076b700000, 0x000000077ab80000, 0x00000007c0000000)
  eden space 221184K, 6% used [0x000000076b700000,0x000000076c525710,0x0000000778f00000)
  from space 14848K, 0% used [0x0000000778f00000,0x0000000778f00000,0x0000000779d80000)
  to   space 13312K, 0% used [0x0000000779e80000,0x0000000779e80000,0x000000077ab80000)
 ParOldGen       total 85504K, used 11982K [0x00000006c2400000, 0x00000006c7780000, 0x000000076b700000)
  object space 85504K, 14% used [0x00000006c2400000,0x00000006c2fb3908,0x00000006c7780000)
 Metaspace       used 40056K, capacity 41934K, committed 42280K, reserved 1093632K
  class space    used 5524K, capacity 5891K, committed 5928K, reserved 1048576K

Card table byte_map: [0x0000000001290000,0x0000000001a80000] byte_map_base: 0xfffffffffdc7e000

Marking Bits: (ParMarkBitMap*) 0x000000006fc5a6c0
 Begin Bits: [0x0000000015030000, 0x0000000018fa0000)
 End Bits:   [0x0000000018fa0000, 0x000000001cf10000)

Polling page: 0x0000000000260000

CodeCache: size=245760Kb used=6591Kb max_used=6591Kb free=239168Kb
 bounds [0x0000000006030000, 0x00000000066a0000, 0x0000000015030000]
 total_blobs=3720 nmethods=3206 adapters=425
 compilation: disabled (not enough contiguous free space left)

Compilation events (10 events):
Event: 5.001 Thread 0x00000000035bd000 3203       1       java.util.TreeMap::forEach (58 bytes)
Event: 5.002 Thread 0x00000000035bd000 nmethod 3203 0x000000000669be50 code [0x000000000669bfe0, 0x000000000669c2d8]
Event: 5.009 Thread 0x00000000035bd000 3204       1       java.net.JarURLConnection::parseSpecs (105 bytes)
Event: 5.010 Thread 0x00000000035bd000 nmethod 3204 0x000000000669c550 code [0x000000000669c740, 0x000000000669cd48]
Event: 5.010 Thread 0x00000000035bd000 3205       1       sun.net.www.protocol.jar.JarURLConnection::getInputStream (97 bytes)
Event: 5.010 Thread 0x00000000035bd000 nmethod 3205 0x000000000669d250 code [0x000000000669d440, 0x000000000669da28]
Event: 5.010 Thread 0x00000000035bd000 3206   !   1       sun.net.www.protocol.jar.JarFileFactory::get (216 bytes)
Event: 5.011 Thread 0x00000000035bd000 nmethod 3206 0x000000000669ddd0 code [0x000000000669e0e0, 0x000000000669f038]
Event: 5.011 Thread 0x00000000035bd000 3207       1       sun.net.www.protocol.jar.URLJarFile::getEntry (69 bytes)
Event: 5.014 Thread 0x00000000035bd000 


GC Heap History (10 events):
Event: 4.885 GC heap before
{Heap before GC invocations=26 (full 11):
 PSYoungGen      total 235520K, used 261K [0x000000076b700000, 0x000000077ac00000, 0x00000007c0000000)
  eden space 220672K, 0% used [0x000000076b700000,0x000000076b700000,0x0000000778e80000)
  from space 14848K, 1% used [0x0000000778f00000,0x0000000778f416c0,0x0000000779d80000)
  to   space 12288K, 0% used [0x000000077a000000,0x000000077a000000,0x000000077ac00000)
 ParOldGen       total 85504K, used 11886K [0x00000006c2400000, 0x00000006c7780000, 0x000000076b700000)
  object space 85504K, 13% used [0x00000006c2400000,0x00000006c2f9bb18,0x00000006c7780000)
 Metaspace       used 39883K, capacity 41652K, committed 42024K, reserved 1099776K
  class space    used 5481K, capacity 5843K, committed 5928K, reserved 1048576K
Event: 4.915 GC heap after
Heap after GC invocations=26 (full 11):
 PSYoungGen      total 235520K, used 0K [0x000000076b700000, 0x000000077ac00000, 0x00000007c0000000)
  eden space 220672K, 0% used [0x000000076b700000,0x000000076b700000,0x0000000778e80000)
  from space 14848K, 0% used [0x0000000778f00000,0x0000000778f00000,0x0000000779d80000)
  to   space 12288K, 0% used [0x000000077a000000,0x000000077a000000,0x000000077ac00000)
 ParOldGen       total 85504K, used 11981K [0x00000006c2400000, 0x00000006c7780000, 0x000000076b700000)
  object space 85504K, 14% used [0x00000006c2400000,0x00000006c2fb37c8,0x00000006c7780000)
 Metaspace       used 39883K, capacity 41652K, committed 42024K, reserved 1093632K
  class space    used 5481K, capacity 5843K, committed 5928K, reserved 1048576K
}
Event: 4.915 GC heap before
{Heap before GC invocations=27 (full 11):
 PSYoungGen      total 235520K, used 0K [0x000000076b700000, 0x000000077ac00000, 0x00000007c0000000)
  eden space 220672K, 0% used [0x000000076b700000,0x000000076b700000,0x0000000778e80000)
  from space 14848K, 0% used [0x0000000778f00000,0x0000000778f00000,0x0000000779d80000)
  to   space 12288K, 0% used [0x000000077a000000,0x000000077a000000,0x000000077ac00000)
 ParOldGen       total 85504K, used 11981K [0x00000006c2400000, 0x00000006c7780000, 0x000000076b700000)
  object space 85504K, 14% used [0x00000006c2400000,0x00000006c2fb37c8,0x00000006c7780000)
 Metaspace       used 39883K, capacity 41652K, committed 42024K, reserved 1097728K
  class space    used 5481K, capacity 5843K, committed 5928K, reserved 1048576K
Event: 4.916 GC heap after
Heap after GC invocations=27 (full 11):
 PSYoungGen      total 232960K, used 0K [0x000000076b700000, 0x000000077ac00000, 0x00000007c0000000)
  eden space 220672K, 0% used [0x000000076b700000,0x000000076b700000,0x0000000778e80000)
  from space 12288K, 0% used [0x000000077a000000,0x000000077a000000,0x000000077ac00000)
  to   space 14848K, 0% used [0x0000000778f00000,0x0000000778f00000,0x0000000779d80000)
 ParOldGen       total 85504K, used 11981K [0x00000006c2400000, 0x00000006c7780000, 0x000000076b700000)
  object space 85504K, 14% used [0x00000006c2400000,0x00000006c2fb37c8,0x00000006c7780000)
 Metaspace       used 39883K, capacity 41652K, committed 42024K, reserved 1097728K
  class space    used 5481K, capacity 5843K, committed 5928K, reserved 1048576K
}
Event: 4.917 GC heap before
{Heap before GC invocations=28 (full 12):
 PSYoungGen      total 232960K, used 0K [0x000000076b700000, 0x000000077ac00000, 0x00000007c0000000)
  eden space 220672K, 0% used [0x000000076b700000,0x000000076b700000,0x0000000778e80000)
  from space 12288K, 0% used [0x000000077a000000,0x000000077a000000,0x000000077ac00000)
  to   space 14848K, 0% used [0x0000000778f00000,0x0000000778f00000,0x0000000779d80000)
 ParOldGen       total 85504K, used 11981K [0x00000006c2400000, 0x00000006c7780000, 0x000000076b700000)
  object space 85504K, 14% used [0x00000006c2400000,0x00000006c2fb37c8,0x00000006c7780000)
 Metaspace       used 39883K, capacity 41652K, committed 42024K, reserved 1097728K
  class space    used 5481K, capacity 5843K, committed 5928K, reserved 1048576K
Event: 4.947 GC heap after
Heap after GC invocations=28 (full 12):
 PSYoungGen      total 232960K, used 0K [0x000000076b700000, 0x000000077ac00000, 0x00000007c0000000)
  eden space 220672K, 0% used [0x000000076b700000,0x000000076b700000,0x0000000778e80000)
  from space 12288K, 0% used [0x000000077a000000,0x000000077a000000,0x000000077ac00000)
  to   space 14848K, 0% used [0x0000000778f00000,0x0000000778f00000,0x0000000779d80000)
 ParOldGen       total 85504K, used 11811K [0x00000006c2400000, 0x00000006c7780000, 0x000000076b700000)
  object space 85504K, 13% used [0x00000006c2400000,0x00000006c2f88e40,0x00000006c7780000)
 Metaspace       used 39883K, capacity 41652K, committed 42024K, reserved 1093632K
  class space    used 5481K, capacity 5843K, committed 5928K, reserved 1048576K
}
Event: 4.954 GC heap before
{Heap before GC invocations=29 (full 12):
 PSYoungGen      total 232960K, used 37654K [0x000000076b700000, 0x000000077ac00000, 0x00000007c0000000)
  eden space 220672K, 17% used [0x000000076b700000,0x000000076dbc58e8,0x0000000778e80000)
  from space 12288K, 0% used [0x000000077a000000,0x000000077a000000,0x000000077ac00000)
  to   space 14848K, 0% used [0x0000000778f00000,0x0000000778f00000,0x0000000779d80000)
 ParOldGen       total 85504K, used 11811K [0x00000006c2400000, 0x00000006c7780000, 0x000000076b700000)
  object space 85504K, 13% used [0x00000006c2400000,0x00000006c2f88e40,0x00000006c7780000)
 Metaspace       used 39883K, capacity 41652K, committed 42024K, reserved 1099776K
  class space    used 5481K, capacity 5843K, committed 5928K, reserved 1048576K
Event: 4.955 GC heap after
Heap after GC invocations=29 (full 12):
 PSYoungGen      total 236032K, used 293K [0x000000076b700000, 0x000000077ab80000, 0x00000007c0000000)
  eden space 221184K, 0% used [0x000000076b700000,0x000000076b700000,0x0000000778f00000)
  from space 14848K, 1% used [0x0000000778f00000,0x0000000778f496c0,0x0000000779d80000)
  to   space 13312K, 0% used [0x0000000779e80000,0x0000000779e80000,0x000000077ab80000)
 ParOldGen       total 85504K, used 11811K [0x00000006c2400000, 0x00000006c7780000, 0x000000076b700000)
  object space 85504K, 13% used [0x00000006c2400000,0x00000006c2f88e40,0x00000006c7780000)
 Metaspace       used 39883K, capacity 41652K, committed 42024K, reserved 1099776K
  class space    used 5481K, capacity 5843K, committed 5928K, reserved 1048576K
}
Event: 4.955 GC heap before
{Heap before GC invocations=30 (full 13):
 PSYoungGen      total 236032K, used 293K [0x000000076b700000, 0x000000077ab80000, 0x00000007c0000000)
  eden space 221184K, 0% used [0x000000076b700000,0x000000076b700000,0x0000000778f00000)
  from space 14848K, 1% used [0x0000000778f00000,0x0000000778f496c0,0x0000000779d80000)
  to   space 13312K, 0% used [0x0000000779e80000,0x0000000779e80000,0x000000077ab80000)
 ParOldGen       total 85504K, used 11811K [0x00000006c2400000, 0x00000006c7780000, 0x000000076b700000)
  object space 85504K, 13% used [0x00000006c2400000,0x00000006c2f88e40,0x00000006c7780000)
 Metaspace       used 39883K, capacity 41652K, committed 42024K, reserved 1099776K
  class space    used 5481K, capacity 5843K, committed 5928K, reserved 1048576K
Event: 4.985 GC heap after
Heap after GC invocations=30 (full 13):
 PSYoungGen      total 236032K, used 0K [0x000000076b700000, 0x000000077ab80000, 0x00000007c0000000)
  eden space 221184K, 0% used [0x000000076b700000,0x000000076b700000,0x0000000778f00000)
  from space 14848K, 0% used [0x0000000778f00000,0x0000000778f00000,0x0000000779d80000)
  to   space 13312K, 0% used [0x0000000779e80000,0x0000000779e80000,0x000000077ab80000)
 ParOldGen       total 85504K, used 11982K [0x00000006c2400000, 0x00000006c7780000, 0x000000076b700000)
  object space 85504K, 14% used [0x00000006c2400000,0x00000006c2fb3908,0x00000006c7780000)
 Metaspace       used 39883K, capacity 41652K, committed 42024K, reserved 1093632K
  class space    used 5481K, capacity 5843K, committed 5928K, reserved 1048576K
}

Deoptimization events (0 events):
No events

Internal exceptions (10 events):
Event: 5.006 Thread 0x000000001e2ff000 Exception <a 'java/lang/ArrayIndexOutOfBoundsException'> (0x000000076b9922d8) thrown at [C:\re\workspace\8-2-build-windows-amd64-cygwin\jdk8u102\7268\hotspot\src\share\vm\runtime\sharedRuntime.cpp, line 605]
Event: 5.007 Thread 0x000000001e2ff000 Exception <a 'java/lang/ArrayIndexOutOfBoundsException'> (0x000000076b9a29b0) thrown at [C:\re\workspace\8-2-build-windows-amd64-cygwin\jdk8u102\7268\hotspot\src\share\vm\runtime\sharedRuntime.cpp, line 605]
Event: 5.007 Thread 0x000000001e2ff000 Exception <a 'java/lang/ArrayIndexOutOfBoundsException'> (0x000000076b9b3190) thrown at [C:\re\workspace\8-2-build-windows-amd64-cygwin\jdk8u102\7268\hotspot\src\share\vm\runtime\sharedRuntime.cpp, line 605]
Event: 5.007 Thread 0x000000001e2ff000 Exception <a 'java/lang/ArrayIndexOutOfBoundsException'> (0x000000076b9b50f0) thrown at [C:\re\workspace\8-2-build-windows-amd64-cygwin\jdk8u102\7268\hotspot\src\share\vm\runtime\sharedRuntime.cpp, line 605]
Event: 5.007 Thread 0x000000001e2ff000 Exception <a 'java/lang/ArrayIndexOutOfBoundsException'> (0x000000076b9c7a98) thrown at [C:\re\workspace\8-2-build-windows-amd64-cygwin\jdk8u102\7268\hotspot\src\share\vm\runtime\sharedRuntime.cpp, line 605]
Event: 5.008 Thread 0x000000001e2ff000 Exception <a 'java/lang/ArrayIndexOutOfBoundsException'> (0x000000076b9d8330) thrown at [C:\re\workspace\8-2-build-windows-amd64-cygwin\jdk8u102\7268\hotspot\src\share\vm\runtime\sharedRuntime.cpp, line 605]
Event: 5.009 Thread 0x000000001e2ff000 Exception <a 'java/lang/ArrayIndexOutOfBoundsException'> (0x000000076b9f6608) thrown at [C:\re\workspace\8-2-build-windows-amd64-cygwin\jdk8u102\7268\hotspot\src\share\vm\runtime\sharedRuntime.cpp, line 605]
Event: 5.010 Thread 0x000000001e2ff000 Exception <a 'java/lang/OutOfMemoryError'> (0x000000076ba184e0) thrown at [C:\re\workspace\8-2-build-windows-amd64-cygwin\jdk8u102\7268\hotspot\src\share\vm\prims\jni.cpp, line 735]
Event: 5.011 Thread 0x000000001e2ff000 Exception <a 'java/lang/ClassNotFoundException': org.springframework.beans.factory.support.AbstractBeanFactory$$Lambda$151/2141548685> (0x000000076ba3c8d0) thrown at [C:\re\workspace\8-2-build-windows-amd64-cygwin\jdk8u102\7268\hotspot\src\share\vm\prims\j'¿E'K@
Event: 5.013 Thread 0x000000001e2ff000 Exception <a 'java/lang/reflect/InvocationTargetException'> (0x000000076be92cf8) thrown at [C:\re\workspace\8-2-build-windows-amd64-cygwin\jdk8u102\7268\hotspot\src\share\vm\runtime\reflection.cpp, line 1092]

Events (10 events):
Event: 5.014 Executing VM operation: RevokeBias
Event: 5.014 Executing VM operation: RevokeBias done
Event: 5.015 Thread 0x000000001e2fe800 Thread exited: 0x000000001e2fe800
Event: 5.015 loading class org/springframework/boot/devtools/restart/SilentExitExceptionHandler$SilentExitException
Event: 5.015 loading class org/springframework/boot/devtools/restart/SilentExitExceptionHandler$SilentExitException done
Event: 5.015 Executing VM operation: RevokeBias
Event: 5.015 Executing VM operation: RevokeBias done
Event: 5.015 loading class java/util/IdentityHashMap$KeyIterator
Event: 5.015 loading class java/util/IdentityHashMap$KeyIterator done
Event: 5.015 Thread 0x000000001fb86000 Thread added: 0x000000001fb86000


Dynamic libraries:
0x00007ff60d150000 - 0x00007ff60d187000 	C:\Program Files\Java\jdk1.8.0_102\bin\javaw.exe
0x00007ffec3f80000 - 0x00007ffec416d000 	C:\windows\SYSTEM32\ntdll.dll
0x00007ffec3660000 - 0x00007ffec3713000 	C:\windows\System32\KERNEL32.DLL
0x00007ffec0ca0000 - 0x00007ffec0f33000 	C:\windows\System32\KERNELBASE.dll
0x00007ffec3240000 - 0x00007ffec32e3000 	C:\windows\System32\ADVAPI32.dll
0x00007ffec29f0000 - 0x00007ffec2a8e000 	C:\windows\System32\msvcrt.dll
0x00007ffec1220000 - 0x00007ffec12be000 	C:\windows\System32\sechost.dll
0x00007ffec2880000 - 0x00007ffec29a2000 	C:\windows\System32\RPCRT4.dll
0x00007ffec3930000 - 0x00007ffec3ac7000 	C:\windows\System32\USER32.dll
0x00007ffec10e0000 - 0x00007ffec1100000 	C:\windows\System32\win32u.dll
0x00007ffec29b0000 - 0x00007ffec29d9000 	C:\windows\System32\GDI32.dll
0x00007ffec0f40000 - 0x00007ffec10d9000 	C:\windows\System32\gdi32full.dll
0x00007ffec0c00000 - 0x00007ffec0ca0000 	C:\windows\System32\msvcp_win.dll
0x00007ffec0920000 - 0x00007ffec0a1a000 	C:\windows\System32\ucrtbase.dll
0x00007ffeb0960000 - 0x00007ffeb0bd9000 	C:\windows\WinSxS\amd64_microsoft.windows.common-controls_6595b64144ccf1df_6.0.17763.914_none_05b346b2072102f2\COMCTL32.dll
0x00007ffec2eb0000 - 0x00007ffec31dc000 	C:\windows\System32\combase.dll
0x00007ffec08a0000 - 0x00007ffec091e000 	C:\windows\System32\bcryptPrimitives.dll
0x00007ffec2e80000 - 0x00007ffec2eae000 	C:\windows\System32\IMM32.DLL
0x00007ffea25c0000 - 0x00007ffea2626000 	C:\Program Files\Manufacturer\Endpoint Agent\clpbm64.dll
0x00007ffec32f0000 - 0x00007ffec3445000 	C:\windows\System32\ole32.dll
0x00007ffec12c0000 - 0x00007ffec12c8000 	C:\windows\System32\PSAPI.DLL
0x00007ffebf020000 - 0x00007ffebf02c000 	C:\windows\SYSTEM32\Secur32.dll
0x00007ffeb00f0000 - 0x00007ffeb0196000 	C:\windows\SYSTEM32\MSVCP120.dll
0x00007ffeb03b0000 - 0x00007ffeb049f000 	C:\windows\SYSTEM32\MSVCR120.dll
0x00007ffebfea0000 - 0x00007ffebfecf000 	C:\windows\SYSTEM32\SSPICLI.DLL
0x000000006f360000 - 0x000000006f431000 	C:\Program Files\Java\jdk1.8.0_102\jre\bin\msvcr100.dll
0x000000006f440000 - 0x000000006fcda000 	C:\Program Files\Java\jdk1.8.0_102\jre\bin\server\jvm.dll
0x00007ffeb05c0000 - 0x00007ffeb05c9000 	C:\windows\SYSTEM32\WSOCK32.dll
0x00007ffeb8380000 - 0x00007ffeb838a000 	C:\windows\SYSTEM32\VERSION.dll
0x00007ffec2ca0000 - 0x00007ffec2d0d000 	C:\windows\System32\WS2_32.dll
0x00007ffeba2c0000 - 0x00007ffeba2e4000 	C:\windows\SYSTEM32\WINMM.dll
0x00007ffeba1f0000 - 0x00007ffeba21d000 	C:\windows\SYSTEM32\winmmbase.dll
0x00007ffec1150000 - 0x00007ffec119a000 	C:\windows\System32\cfgmgr32.dll
0x00007ffea1770000 - 0x00007ffea17da000 	C:\Program Files\Manufacturer\Endpoint Agent\prntm64.dll
0x00007ffec31e0000 - 0x00007ffec3232000 	C:\windows\System32\SHLWAPI.dll
0x00007ffec3730000 - 0x00007ffec37f4000 	C:\windows\System32\OLEAUT32.dll
0x00007ffeba2f0000 - 0x00007ffeba379000 	C:\windows\SYSTEM32\WINSPOOL.DRV
0x00007ffebff70000 - 0x00007ffebff81000 	C:\windows\System32\kernel.appcore.dll
0x00007ffec1120000 - 0x00007ffec1146000 	C:\windows\System32\bcrypt.dll
0x00007ffebf500000 - 0x00007ffebf53d000 	C:\windows\SYSTEM32\IPHLPAPI.DLL
0x00007ffebc360000 - 0x00007ffebc509000 	C:\windows\SYSTEM32\PROPSYS.dll
0x00007ffec2b10000 - 0x00007ffec2bb8000 	C:\windows\System32\shcore.dll
0x000000006f350000 - 0x000000006f35f000 	C:\Program Files\Java\jdk1.8.0_102\jre\bin\verify.dll
0x000000006f320000 - 0x000000006f349000 	C:\Program Files\Java\jdk1.8.0_102\jre\bin\java.dll
0x000000006f300000 - 0x000000006f316000 	C:\Program Files\Java\jdk1.8.0_102\jre\bin\zip.dll
0x00007ffec1380000 - 0x00007ffec2874000 	C:\windows\System32\SHELL32.dll
0x00007ffec00f0000 - 0x00007ffec083d000 	C:\windows\System32\windows.storage.dll
0x00007ffebfff0000 - 0x00007ffec0014000 	C:\windows\System32\profapi.dll
0x00007ffebff90000 - 0x00007ffebffed000 	C:\windows\System32\powrprof.dll
0x00007ffec1100000 - 0x00007ffec1117000 	C:\windows\System32\cryptsp.dll
0x000000006ee80000 - 0x000000006ee8d000 	C:\Program Files\Java\jdk1.8.0_102\jre\bin\management.dll
0x000000006f2e0000 - 0x000000006f2fa000 	C:\Program Files\Java\jdk1.8.0_102\jre\bin\net.dll
0x00007ffebf7e0000 - 0x00007ffebf847000 	C:\windows\system32\mswsock.dll
0x000000006f2c0000 - 0x000000006f2d1000 	C:\Program Files\Java\jdk1.8.0_102\jre\bin\nio.dll
0x00007ffeab420000 - 0x00007ffeab436000 	C:\windows\system32\napinsp.dll
0x00007ffeab3b0000 - 0x00007ffeab3ca000 	C:\windows\system32\pnrpnsp.dll
0x00007ffebf540000 - 0x00007ffebf606000 	C:\windows\SYSTEM32\DNSAPI.dll
0x00007ffec3720000 - 0x00007ffec3728000 	C:\windows\System32\NSI.dll
0x00007ffeab3a0000 - 0x00007ffeab3ae000 	C:\windows\System32\winrnr.dll
0x00007ffebd540000 - 0x00007ffebd55b000 	C:\windows\system32\NLAapi.dll
0x00007ffeb9ea0000 - 0x00007ffeb9eb5000 	C:\windows\system32\wshbth.dll
0x00007ffeb5b10000 - 0x00007ffeb5b1a000 	C:\Windows\System32\rasadhlp.dll
0x00007ffebaad0000 - 0x00007ffebab49000 	C:\windows\System32\fwpuclnt.dll
0x00007ffebf100000 - 0x00007ffebf133000 	C:\windows\system32\rsaenh.dll
0x00007ffebfe70000 - 0x00007ffebfe98000 	C:\windows\SYSTEM32\USERENV.dll
0x00007ffebf9b0000 - 0x00007ffebf9bc000 	C:\windows\SYSTEM32\CRYPTBASE.dll
0x00007ffeba3a0000 - 0x00007ffeba3b6000 	C:\windows\SYSTEM32\dhcpcsvc6.DLL
0x00007ffeba380000 - 0x00007ffeba39c000 	C:\windows\SYSTEM32\dhcpcsvc.DLL

VM Arguments:
jvm_args: -Dcom.sun.management.jmxremote -Dcom.sun.management.jmxremote.port=54446 -Dcom.sun.management.jmxremote.authenticate=false -Dcom.sun.management.jmxremote.ssl=false -Djava.rmi.server.hostname=localhost -Dspring.jmx.enabled=true -Dspring.liveBeansView.mbeanDomain -Dspring.application.admin.enabled=true -Xverify:none -XX:TieredStopAtLevel=1 -Dfile.encoding=UTF-8 
java_command: com.mindtree.collegeStudentMVC.CollegeStudentMvcApplication --spring.output.ansi.enabled=always
java_class_path (initial): D:\workspaceMVC\CollegeStudentMVC\target\classes;C:\Users\M1055996\.m2\repository\org\springframework\boot\spring-boot-starter-data-jpa\2.2.2.RELEASE\spring-boot-starter-data-jpa-2.2.2.RELEASE.jar;C:\Users\M1055996\.m2\repository\org\springframework\boot\spring-boot-starter-aop\2.2.2.RELEASE\spring-boot-starter-aop-2.2.2.RELEASE.jar;C:\Users\M1055996\.m2\repository\org\springframework\spring-aop\5.2.2.RELEASE\spring-aop-5.2.2.RELEASE.jar;C:\Users\M1055996\.m2\repository\org\aspectj\aspectjweaver\1.9.5\aspectjweaver-1.9.5.jar;C:\Users\M1055996\.m2\repository\org\springframework\boot\spring-boot-starter-jdbc\2.2.2.RELEASE\spring-boot-starter-jdbc-2.2.2.RELEASE.jar;C:\Users\M1055996\.m2\repository\com\zaxxer\HikariCP\3.4.1\HikariCP-3.4.1.jar;C:\Users\M1055996\.m2\repository\org\springframework\spring-jdbc\5.2.2.RELEASE\spring-jdbc-5.2.2.RELEASE.jar;C:\Users\M1055996\.m2\repository\jakarta\activation\jakarta.activation-api\1.2.1\jakarta.activation-api-1.2.1.jar;C:\Users\M1055996\.m2\repository\jakarta\persistence\jakarta.persistence-api\2.2.3\jakarta.persistence-api-2.2.3.jar;C:\Users\M1055996\.m2\repository\jakarta\transaction\jakarta.transaction-api\1.3.3\jakarta.transaction-api-1.3.3.jar;C:\Users\M1055996\.m2\repository\org\hibernate\hibernate-core\5.4.9.Final\hibernate-core-5.4.9.Final.jar;C:\Users\M1055996\.m2\repository\org\jboss\logging\jboss-logging\3.4.1.Final\jboss-logging-3.4.1.Final.jar;C:\Users\M1055996\.m2\repository\org\javassist\javassist\3.24.0-GA\javassist-3.24.0-GA.jar;C:\Users\M1055996\.m2\repository\net\bytebuddy\byte-buddy\1.10.4\byte-buddy-1.10.4.jar;C:\Users\M1055996\.m2\repository\antlr\antlr\2.7.7\antlr-2.7.7.jar;C:\Users\M1055996\.m2\repository\org\jboss\jandex\2.1.1.Final\jandex-2.1.1.Final.jar;C:\Users\M1055996\.m2\repository\com\fasterxml\classmate\1.5.1\classmate-1.5.1.jar;C:\Users\M1055996\.m2\repository\org\dom4j\dom4j\2.1.1\dom4j-2.1.1.jar;C:\Users\M1055996\.m2\repository\org\hibernate\common\hibernate-commo
Launcher Type: SUN_STANDARD

Environment Variables:
JAVA_HOME=C:\Program Files\Java\jdk1.8.0_102
PATH=C:/Program Files/Java/jdk1.8.0_102/bin/../jre/bin/server;C:/Program Files/Java/jdk1.8.0_102/bin/../jre/bin;C:/Program Files/Java/jdk1.8.0_102/bin/../jre/lib/amd64;C:\Program Files\Java\jdk1.8.0_102\bin;C:\ProgramData\Oracle\Java\javapath;C:\windows\system32;C:\windows;C:\windows\System32\Wbem;C:\windows\System32\WindowsPowerShell\v1.0\;C:\windows\System32\OpenSSH\;C:\Program Files (x86)\Microsoft Application Virtualization Client;D:\softwares\apache-maven-3.5.2\bin;D:\softwares\;C:\Program Files\Git\cmd;C:\Program Files\MongoDB\Server\4.2\bin;C:\sts-bundle\sts-3.9.9.RELEASE;
USERNAME=M1055996
OS=Windows_NT
PROCESSOR_IDENTIFIER=Intel64 Family 6 Model 142 Stepping 9, GenuineIntel



---------------  S Y S T E M  ---------------

OS: Windows 10.0 , 64 bit Build 17763 (10.0.17763.475)

CPU:total 4 (2 cores per cpu, 2 threads per core) family 6 model 142 stepping 9, cmov, cx8, fxsr, mmx, sse, sse2, sse3, ssse3, sse4.1, sse4.2, popcnt, avx, avx2, aes, clmul, erms, 3dnowpref, lzcnt, ht, tsc, tscinvbit, bmi1, bmi2, adx

Memory: 4k page, physical 16628708k(475452k free), swap 32216800k(0k free)

vm_info: Java HotSpot(TM) 64-Bit Server VM (25.102-b14) for windows-amd64 JRE (1.8.0_102-b14), built on Jun 22 2016 13:15:21 by "java_re" with MS VC++ 10.0 (VS2010)

time: Thu Jan 02 08:49:04 2020
elapsed time: 5 seconds (0d 0h 0m 5s)

